c:\users\dustin\documents\visual studio 2013\projects\zshadesandbox\debug\vc120.pdb
c:\users\dustin\documents\visual studio 2013\projects\zshadesandbox\debug\loadlib.obj
c:\users\dustin\documents\visual studio 2013\projects\zshadesandbox\debug\lmem.obj
c:\users\dustin\documents\visual studio 2013\projects\zshadesandbox\debug\lmathlib.obj
c:\users\dustin\documents\visual studio 2013\projects\zshadesandbox\debug\llex.obj
c:\users\dustin\documents\visual studio 2013\projects\zshadesandbox\debug\liolib.obj
c:\users\dustin\documents\visual studio 2013\projects\zshadesandbox\debug\linit.obj
c:\users\dustin\documents\visual studio 2013\projects\zshadesandbox\debug\lgc.obj
c:\users\dustin\documents\visual studio 2013\projects\zshadesandbox\debug\lfunc.obj
c:\users\dustin\documents\visual studio 2013\projects\zshadesandbox\debug\ldump.obj
c:\users\dustin\documents\visual studio 2013\projects\zshadesandbox\debug\ldo.obj
c:\users\dustin\documents\visual studio 2013\projects\zshadesandbox\debug\ldebug.obj
c:\users\dustin\documents\visual studio 2013\projects\zshadesandbox\debug\ldblib.obj
c:\users\dustin\documents\visual studio 2013\projects\zshadesandbox\debug\lctype.obj
c:\users\dustin\documents\visual studio 2013\projects\zshadesandbox\debug\lcorolib.obj
c:\users\dustin\documents\visual studio 2013\projects\zshadesandbox\debug\lcode.obj
c:\users\dustin\documents\visual studio 2013\projects\zshadesandbox\debug\lbitlib.obj
c:\users\dustin\documents\visual studio 2013\projects\zshadesandbox\debug\lbaselib.obj
c:\users\dustin\documents\visual studio 2013\projects\zshadesandbox\debug\lauxlib.obj
c:\users\dustin\documents\visual studio 2013\projects\zshadesandbox\debug\lapi.obj
c:\users\dustin\documents\visual studio 2013\projects\zshadesandbox\debug\wave.obj
c:\users\dustin\documents\visual studio 2013\projects\zshadesandbox\debug\tolua_to.obj
c:\users\dustin\documents\visual studio 2013\projects\zshadesandbox\debug\tolua_push.obj
c:\users\dustin\documents\visual studio 2013\projects\zshadesandbox\debug\tolua_map.obj
c:\users\dustin\documents\visual studio 2013\projects\zshadesandbox\debug\tolua_is.obj
c:\users\dustin\documents\visual studio 2013\projects\zshadesandbox\debug\tolua_event.obj
c:\users\dustin\documents\visual studio 2013\projects\zshadesandbox\debug\toluabind.obj
c:\users\dustin\documents\visual studio 2013\projects\zshadesandbox\debug\lzio.obj
c:\users\dustin\documents\visual studio 2013\projects\zshadesandbox\debug\lvm.obj
c:\users\dustin\documents\visual studio 2013\projects\zshadesandbox\debug\lundump.obj
c:\users\dustin\documents\visual studio 2013\projects\zshadesandbox\debug\ltm.obj
c:\users\dustin\documents\visual studio 2013\projects\zshadesandbox\debug\ltablib.obj
c:\users\dustin\documents\visual studio 2013\projects\zshadesandbox\debug\ltable.obj
c:\users\dustin\documents\visual studio 2013\projects\zshadesandbox\debug\lstrlib.obj
c:\users\dustin\documents\visual studio 2013\projects\zshadesandbox\debug\lstring.obj
c:\users\dustin\documents\visual studio 2013\projects\zshadesandbox\debug\lstate.obj
c:\users\dustin\documents\visual studio 2013\projects\zshadesandbox\debug\lparser.obj
c:\users\dustin\documents\visual studio 2013\projects\zshadesandbox\debug\loslib.obj
c:\users\dustin\documents\visual studio 2013\projects\zshadesandbox\debug\lopcodes.obj
c:\users\dustin\documents\visual studio 2013\projects\zshadesandbox\debug\lobject.obj
c:\users\dustin\documents\visual studio 2013\projects\zshadesandbox\debug\directxtexnormalmaps.obj
c:\users\dustin\documents\visual studio 2013\projects\zshadesandbox\debug\directxtexmisc.obj
c:\users\dustin\documents\visual studio 2013\projects\zshadesandbox\debug\directxtexmipmaps.obj
c:\users\dustin\documents\visual studio 2013\projects\zshadesandbox\debug\directxteximage.obj
c:\users\dustin\documents\visual studio 2013\projects\zshadesandbox\debug\directxtexfliprotate.obj
c:\users\dustin\documents\visual studio 2013\projects\zshadesandbox\debug\directxtexdds.obj
c:\users\dustin\documents\visual studio 2013\projects\zshadesandbox\debug\directxtexd3d11.obj
c:\users\dustin\documents\visual studio 2013\projects\zshadesandbox\debug\directxtexconvert.obj
c:\users\dustin\documents\visual studio 2013\projects\zshadesandbox\debug\directxtexcompressgpu.obj
c:\users\dustin\documents\visual studio 2013\projects\zshadesandbox\debug\directxtexcompress.obj
c:\users\dustin\documents\visual studio 2013\projects\zshadesandbox\debug\bcdirectcompute.obj
c:\users\dustin\documents\visual studio 2013\projects\zshadesandbox\debug\bc6hbc7.obj
c:\users\dustin\documents\visual studio 2013\projects\zshadesandbox\debug\bc4bc5.obj
c:\users\dustin\documents\visual studio 2013\projects\zshadesandbox\debug\bc.obj
c:\users\dustin\documents\visual studio 2013\projects\zshadesandbox\debug\ddstextureloader.obj
c:\users\dustin\documents\visual studio 2013\projects\zshadesandbox\debug\commonstates.obj
c:\users\dustin\documents\visual studio 2013\projects\zshadesandbox\debug\binaryreader.obj
c:\users\dustin\documents\visual studio 2013\projects\zshadesandbox\debug\oceansurfaceshader.obj
c:\users\dustin\documents\visual studio 2013\projects\zshadesandbox\debug\oceansurface.obj
c:\users\dustin\documents\visual studio 2013\projects\zshadesandbox\debug\cglobal.obj
c:\users\dustin\documents\visual studio 2013\projects\zshadesandbox\debug\wictextureloader.obj
c:\users\dustin\documents\visual studio 2013\projects\zshadesandbox\debug\vertextypes.obj
c:\users\dustin\documents\visual studio 2013\projects\zshadesandbox\debug\tinyxml2.obj
c:\users\dustin\documents\visual studio 2013\projects\zshadesandbox\debug\simplemath.obj
c:\users\dustin\documents\visual studio 2013\projects\zshadesandbox\debug\screengrab.obj
c:\users\dustin\documents\visual studio 2013\projects\zshadesandbox\debug\primitivebatch.obj
c:\users\dustin\documents\visual studio 2013\projects\zshadesandbox\debug\pch.obj
c:\users\dustin\documents\visual studio 2013\projects\zshadesandbox\debug\directxtexwic.obj
c:\users\dustin\documents\visual studio 2013\projects\zshadesandbox\debug\directxtexutil.obj
c:\users\dustin\documents\visual studio 2013\projects\zshadesandbox\debug\directxtextga.obj
c:\users\dustin\documents\visual studio 2013\projects\zshadesandbox\debug\directxtexresize.obj
c:\users\dustin\documents\visual studio 2013\projects\zshadesandbox\debug\directxtexpmalpha.obj
c:\users\dustin\documents\visual studio 2013\projects\zshadesandbox\debug\topdownworld.obj
c:\users\dustin\documents\visual studio 2013\projects\zshadesandbox\debug\sprite.obj
c:\users\dustin\documents\visual studio 2013\projects\zshadesandbox\debug\zshadefrontend.obj
c:\users\dustin\documents\visual studio 2013\projects\zshadesandbox\debug\menusystem.obj
c:\users\dustin\documents\visual studio 2013\projects\zshadesandbox\debug\environmentmenuhelper.obj
c:\users\dustin\documents\visual studio 2013\projects\zshadesandbox\debug\environmenthudhelper.obj
c:\users\dustin\documents\visual studio 2013\projects\zshadesandbox\debug\environment2dmaphelper.obj
c:\users\dustin\documents\visual studio 2013\projects\zshadesandbox\debug\environment2d.obj
c:\users\dustin\documents\visual studio 2013\projects\zshadesandbox\debug\environment.obj
c:\users\dustin\documents\visual studio 2013\projects\zshadesandbox\debug\menueditorsystem.obj
c:\users\dustin\documents\visual studio 2013\projects\zshadesandbox\debug\hudeditorsystem.obj
c:\users\dustin\documents\visual studio 2013\projects\zshadesandbox\debug\mapeditorsystem2d.obj
c:\users\dustin\documents\visual studio 2013\projects\zshadesandbox\debug\editorhelper2d.obj
c:\users\dustin\documents\visual studio 2013\projects\zshadesandbox\debug\topdowntile.obj
c:\users\dustin\documents\visual studio 2013\projects\zshadesandbox\debug\topdownmap.obj
c:\users\dustin\documents\visual studio 2013\projects\zshadesandbox\debug\materialmanager.obj
c:\users\dustin\documents\visual studio 2013\projects\zshadesandbox\debug\fogdata.obj
c:\users\dustin\documents\visual studio 2013\projects\zshadesandbox\debug\defaultmaterials.obj
i:\data\programming\zshade gaming\zshadesandbox\debug\vc120.pdb
i:\data\programming\zshade gaming\zshadesandbox\debug\zshadexmlsaver.obj
i:\data\programming\zshade gaming\zshadesandbox\debug\zshadexmlloader.obj
i:\data\programming\zshade gaming\zshadesandbox\debug\volumeenvironment.obj
i:\data\programming\zshade gaming\zshadesandbox\debug\tessellationenvironment.obj
i:\data\programming\zshade gaming\zshadesandbox\debug\terrainenvironment.obj
i:\data\programming\zshade gaming\zshadesandbox\debug\outdoorenvironment.obj
i:\data\programming\zshade gaming\zshadesandbox\debug\oceanenvironment.obj
i:\data\programming\zshade gaming\zshadesandbox\debug\modelenvironment.obj
i:\data\programming\zshade gaming\zshadesandbox\debug\indoorenvironment.obj
i:\data\programming\zshade gaming\zshadesandbox\debug\environment3d.obj
i:\data\programming\zshade gaming\zshadesandbox\debug\bspenvironment.obj
i:\data\programming\zshade gaming\zshadesandbox\debug\dxgamewindow.obj
i:\data\programming\zshade gaming\zshadesandbox\debug\menu.obj
i:\data\programming\zshade gaming\zshadesandbox\debug\hud.obj
i:\data\programming\zshade gaming\zshadesandbox\debug\gamestate.obj
i:\data\programming\zshade gaming\zshadesandbox\debug\inventoryeditorsystem2d.obj
i:\data\programming\zshade gaming\zshadesandbox\debug\luatask.obj
i:\data\programming\zshade gaming\zshadesandbox\debug\luadelegate.obj
i:\data\programming\zshade gaming\zshadesandbox\debug\aisteeringforce.obj
i:\data\programming\zshade gaming\zshadesandbox\debug\aisprite.obj
i:\data\programming\zshade gaming\zshadesandbox\debug\gdi.obj
i:\data\programming\zshade gaming\zshadesandbox\debug\depthstencilbuffer.obj
i:\data\programming\zshade gaming\zshadesandbox\debug\dcrendertexture.obj
i:\data\programming\zshade gaming\zshadesandbox\debug\button.obj
i:\data\programming\zshade gaming\zshadesandbox\debug\zshademessagecenter.obj
i:\data\programming\zshade gaming\zshadesandbox\debug\timer.obj
i:\data\programming\zshade gaming\zshadesandbox\debug\sleeptimer.obj
i:\data\programming\zshade gaming\zshadesandbox\debug\inputcontroller.obj
i:\data\programming\zshade gaming\zshadesandbox\debug\input.obj
i:\data\programming\zshade gaming\zshadesandbox\debug\fpscounter.obj
i:\data\programming\zshade gaming\zshadesandbox\debug\defaultinputcontroller3d.obj
i:\data\programming\zshade gaming\zshadesandbox\debug\zshadeiniwriter.obj
i:\data\programming\zshade gaming\zshadesandbox\debug\zshadeiniparser.obj
i:\data\programming\zshade gaming\zshadesandbox\debug\xmlparser.obj
i:\data\programming\zshade gaming\zshadesandbox\debug\inputxmlparser.obj
i:\data\programming\zshade gaming\zshadesandbox\debug\fileparser.obj
i:\data\programming\zshade gaming\zshadesandbox\debug\memorymgr.obj
i:\data\programming\zshade gaming\zshadesandbox\debug\luakeymapper.obj
i:\data\programming\zshade gaming\zshadesandbox\debug\binarysearch.obj
i:\data\programming\zshade gaming\zshadesandbox\debug\betterstring.obj
i:\data\programming\zshade gaming\zshadesandbox\debug\btt.obj
i:\data\programming\zshade gaming\zshadesandbox\debug\bsprenderer.obj
i:\data\programming\zshade gaming\zshadesandbox\debug\bspportalgenerator.obj
i:\data\programming\zshade gaming\zshadesandbox\debug\bspportal.obj
i:\data\programming\zshade gaming\zshadesandbox\debug\bsppolygon.obj
i:\data\programming\zshade gaming\zshadesandbox\debug\bsppvsgenerator.obj
i:\data\programming\zshade gaming\zshadesandbox\debug\bspmesh.obj
i:\data\programming\zshade gaming\zshadesandbox\debug\bsparraydata.obj
i:\data\programming\zshade gaming\zshadesandbox\debug\bsp.obj
i:\data\programming\zshade gaming\zshadesandbox\debug\gbuffer.obj
i:\data\programming\zshade gaming\zshadesandbox\debug\d3d.obj
i:\data\programming\zshade gaming\zshadesandbox\debug\texturemanager.obj
i:\data\programming\zshade gaming\zshadesandbox\debug\texture.obj
i:\data\programming\zshade gaming\zshadesandbox\debug\text.obj
i:\data\programming\zshade gaming\zshadesandbox\debug\structuredbuffer.obj
i:\data\programming\zshade gaming\zshadesandbox\debug\stagingbuffer.obj
i:\data\programming\zshade gaming\zshadesandbox\debug\shadowmaptarget.obj
i:\data\programming\zshade gaming\zshadesandbox\debug\rendertarget2d.obj
i:\data\programming\zshade gaming\zshadesandbox\debug\image.obj
i:\data\programming\zshade gaming\zshadesandbox\debug\gdifont.obj
i:\data\programming\zshade gaming\zshadesandbox\debug\circlemesh.obj
i:\data\programming\zshade gaming\zshadesandbox\debug\spotlight.obj
i:\data\programming\zshade gaming\zshadesandbox\debug\shadermaterial.obj
i:\data\programming\zshade gaming\zshadesandbox\debug\pointlight.obj
i:\data\programming\zshade gaming\zshadesandbox\debug\lightmanager.obj
i:\data\programming\zshade gaming\zshadesandbox\debug\light.obj
i:\data\programming\zshade gaming\zshadesandbox\debug\directionallight.obj
i:\data\programming\zshade gaming\zshadesandbox\debug\deferredshadermanager.obj
i:\data\programming\zshade gaming\zshadesandbox\debug\capsulelight.obj
i:\data\programming\zshade gaming\zshadesandbox\debug\ambientlight.obj
i:\data\programming\zshade gaming\zshadesandbox\debug\infiniteplane.obj
i:\data\programming\zshade gaming\zshadesandbox\debug\map3d.obj
i:\data\programming\zshade gaming\zshadesandbox\debug\entity3dcontroller.obj
i:\data\programming\zshade gaming\zshadesandbox\debug\entity3d.obj
i:\data\programming\zshade gaming\zshadesandbox\debug\playerinventory2d.obj
i:\data\programming\zshade gaming\zshadesandbox\debug\platformerworld.obj
i:\data\programming\zshade gaming\zshadesandbox\debug\platformertile.obj
i:\data\programming\zshade gaming\zshadesandbox\debug\platformermap.obj
i:\data\programming\zshade gaming\zshadesandbox\debug\platformerbackground.obj
i:\data\programming\zshade gaming\zshadesandbox\debug\triangle.obj
i:\data\programming\zshade gaming\zshadesandbox\debug\fft_512x512_c2c.obj
i:\data\programming\zshade gaming\zshadesandbox\debug\vertex.obj
i:\data\programming\zshade gaming\zshadesandbox\debug\polygonmesh.obj
i:\data\programming\zshade gaming\zshadesandbox\debug\objmesh.obj
i:\data\programming\zshade gaming\zshadesandbox\debug\meshattributes.obj
i:\data\programming\zshade gaming\zshadesandbox\debug\fbxvertex.obj
i:\data\programming\zshade gaming\zshadesandbox\debug\fbxskinnedmesh.obj
i:\data\programming\zshade gaming\zshadesandbox\debug\fbxloader.obj
i:\data\programming\zshade gaming\zshadesandbox\debug\fbxhelper.obj
i:\data\programming\zshade gaming\zshadesandbox\debug\trianglemesh.obj
i:\data\programming\zshade gaming\zshadesandbox\debug\spheremesh.obj
i:\data\programming\zshade gaming\zshadesandbox\debug\skydomemesh.obj
i:\data\programming\zshade gaming\zshadesandbox\debug\quadmesh.obj
i:\data\programming\zshade gaming\zshadesandbox\debug\planemesh.obj
i:\data\programming\zshade gaming\zshadesandbox\debug\meshutil.obj
i:\data\programming\zshade gaming\zshadesandbox\debug\gridmesh.obj
i:\data\programming\zshade gaming\zshadesandbox\debug\geospheremesh.obj
i:\data\programming\zshade gaming\zshadesandbox\debug\cylindricalmesh.obj
i:\data\programming\zshade gaming\zshadesandbox\debug\custommesh.obj
i:\data\programming\zshade gaming\zshadesandbox\debug\cubemesh.obj
i:\data\programming\zshade gaming\zshadesandbox\debug\sunrenderer.obj
i:\data\programming\zshade gaming\zshadesandbox\debug\sunquad.obj
i:\data\programming\zshade gaming\zshadesandbox\debug\sun.obj
i:\data\programming\zshade gaming\zshadesandbox\debug\skyplane.obj
i:\data\programming\zshade gaming\zshadesandbox\debug\sky.obj
i:\data\programming\zshade gaming\zshadesandbox\debug\volumetriclightrays.obj
i:\data\programming\zshade gaming\zshadesandbox\debug\postprocessmanager.obj
i:\data\programming\zshade gaming\zshadesandbox\debug\postprocesscolor.obj
i:\data\programming\zshade gaming\zshadesandbox\debug\postprocess.obj
i:\data\programming\zshade gaming\zshadesandbox\debug\motionblur.obj
i:\data\programming\zshade gaming\zshadesandbox\debug\lensflare.obj
i:\data\programming\zshade gaming\zshadesandbox\debug\hdr.obj
i:\data\programming\zshade gaming\zshadesandbox\debug\depthoffield.obj
i:\data\programming\zshade gaming\zshadesandbox\debug\bokeh.obj
i:\data\programming\zshade gaming\zshadesandbox\debug\bloom.obj
i:\data\programming\zshade gaming\zshadesandbox\debug\particletrajectorytest.obj
i:\data\programming\zshade gaming\zshadesandbox\debug\particlesystem.obj
i:\data\programming\zshade gaming\zshadesandbox\debug\particle.obj
i:\data\programming\zshade gaming\zshadesandbox\debug\oceansimulator.obj
i:\data\programming\zshade gaming\zshadesandbox\debug\oceanpatchtree.obj
i:\data\programming\zshade gaming\zshadesandbox\debug\boxprimitive.obj
i:\data\programming\zshade gaming\zshadesandbox\debug\boundingbox.obj
i:\data\programming\zshade gaming\zshadesandbox\debug\aabb.obj
i:\data\programming\zshade gaming\zshadesandbox\debug\water.obj
i:\data\programming\zshade gaming\zshadesandbox\debug\lakebed.obj
i:\data\programming\zshade gaming\zshadesandbox\debug\volume.obj
i:\data\programming\zshade gaming\zshadesandbox\debug\grassfieldmesh.obj
i:\data\programming\zshade gaming\zshadesandbox\debug\grassfield.obj
i:\data\programming\zshade gaming\zshadesandbox\debug\grass.obj
i:\data\programming\zshade gaming\zshadesandbox\debug\watererosion.obj
i:\data\programming\zshade gaming\zshadesandbox\debug\quadtreerenderer.obj
i:\data\programming\zshade gaming\zshadesandbox\debug\quadtreemesh.obj
i:\data\programming\zshade gaming\zshadesandbox\debug\quadtree.obj
i:\data\programming\zshade gaming\zshadesandbox\debug\qnode.obj
i:\data\programming\zshade gaming\zshadesandbox\debug\proceduralgenerator.obj
i:\data\programming\zshade gaming\zshadesandbox\debug\proceduraladditionhelper.obj
i:\data\programming\zshade gaming\zshadesandbox\debug\heightmapeditorhelper.obj
i:\data\programming\zshade gaming\zshadesandbox\debug\heightmapcontainer.obj
i:\data\programming\zshade gaming\zshadesandbox\debug\heightmap.obj
i:\data\programming\zshade gaming\zshadesandbox\debug\heighterosion.obj
i:\data\programming\zshade gaming\zshadesandbox\debug\shapecontact.obj
i:\data\programming\zshade gaming\zshadesandbox\debug\sat.obj
i:\data\programming\zshade gaming\zshadesandbox\debug\pointcollidercontroller.obj
i:\data\programming\zshade gaming\zshadesandbox\debug\contactsolver.obj
i:\data\programming\zshade gaming\zshadesandbox\debug\zmath.obj
i:\data\programming\zshade gaming\zshadesandbox\debug\xmmatrix.obj
i:\data\programming\zshade gaming\zshadesandbox\debug\xmmath4.obj
i:\data\programming\zshade gaming\zshadesandbox\debug\xmmath3.obj
i:\data\programming\zshade gaming\zshadesandbox\debug\xmmath2.obj
i:\data\programming\zshade gaming\zshadesandbox\debug\xmmath.obj
i:\data\programming\zshade gaming\zshadesandbox\debug\scalar.obj
i:\data\programming\zshade gaming\zshadesandbox\debug\ray.obj
i:\data\programming\zshade gaming\zshadesandbox\debug\triangleprimitive.obj
i:\data\programming\zshade gaming\zshadesandbox\debug\sphereprimitive.obj
i:\data\programming\zshade gaming\zshadesandbox\debug\polygon.obj
i:\data\programming\zshade gaming\zshadesandbox\debug\planeprimitive.obj
i:\data\programming\zshade gaming\zshadesandbox\debug\lineprimitive.obj
i:\data\programming\zshade gaming\zshadesandbox\debug\coneprimitive.obj
i:\data\programming\zshade gaming\zshadesandbox\debug\circleprimitive.obj
i:\data\programming\zshade gaming\zshadesandbox\debug\scriptbase.obj
i:\data\programming\zshade gaming\zshadesandbox\debug\script.obj
i:\data\programming\zshade gaming\zshadesandbox\debug\vertexlist.obj
i:\data\programming\zshade gaming\zshadesandbox\debug\quickhull.obj
i:\data\programming\zshade gaming\zshadesandbox\debug\hullface.obj
i:\data\programming\zshade gaming\zshadesandbox\debug\halfedge.obj
i:\data\programming\zshade gaming\zshadesandbox\debug\facelist.obj
i:\data\programming\zshade gaming\zshadesandbox\debug\surfacedefinition.obj
i:\data\programming\zshade gaming\zshadesandbox\debug\gjk.obj
i:\data\programming\zshade gaming\zshadesandbox\debug\ambientlightdeferredshader.obj
i:\data\programming\zshade gaming\zshadesandbox\debug\blurshader.obj
i:\data\programming\zshade gaming\zshadesandbox\debug\textureshader.obj
i:\data\programming\zshade gaming\zshadesandbox\debug\shaders.obj
i:\data\programming\zshade gaming\zshadesandbox\debug\shadercompiler.obj
i:\data\programming\zshade gaming\zshadesandbox\debug\shader.obj
i:\data\programming\zshade gaming\zshadesandbox\debug\materialshader.obj
i:\data\programming\zshade gaming\zshadesandbox\debug\materiallightshader.obj
i:\data\programming\zshade gaming\zshadesandbox\debug\fontshader.obj
i:\data\programming\zshade gaming\zshadesandbox\debug\csdesaturation.obj
i:\data\programming\zshade gaming\zshadesandbox\debug\materialtessellationshader.obj
i:\data\programming\zshade gaming\zshadesandbox\debug\materiallighttessellationshader.obj
i:\data\programming\zshade gaming\zshadesandbox\debug\tolua_sprite.obj
i:\data\programming\zshade gaming\zshadesandbox\debug\tolua_funcs.obj
i:\data\programming\zshade gaming\zshadesandbox\debug\scripting.obj
i:\data\programming\zshade gaming\zshadesandbox\debug\physicsbody2d.obj
i:\data\programming\zshade gaming\zshadesandbox\debug\objmeshtessellationshader.obj
i:\data\programming\zshade gaming\zshadesandbox\debug\objmeshshader.obj
i:\data\programming\zshade gaming\zshadesandbox\debug\shadowmapbuildshader.obj
i:\data\programming\zshade gaming\zshadesandbox\debug\objgbuffershader.obj
i:\data\programming\zshade gaming\zshadesandbox\debug\materialgbuffershader.obj
i:\data\programming\zshade gaming\zshadesandbox\debug\debuggbufferdeferredshader.obj
i:\data\programming\zshade gaming\zshadesandbox\debug\spotlightdeferredshader.obj
i:\data\programming\zshade gaming\zshadesandbox\debug\pointlightdeferredshader.obj
i:\data\programming\zshade gaming\zshadesandbox\debug\directionallightdeferredshader.obj
i:\data\programming\zshade gaming\zshadesandbox\debug\deferredshader.obj
i:\data\programming\zshade gaming\zshadesandbox\debug\capsulelightdeferredshader.obj
i:\data\programming\zshade gaming\zshadesandbox\debug\physicsbodybase3d.obj
i:\data\programming\zshade gaming\zshadesandbox\debug\physicsbody3d.obj
i:\data\programming\zshade gaming\zshadesandbox\debug\physicsworld2d.obj
i:\data\programming\zshade gaming\zshadesandbox\debug\physicsbodybase2d.obj
i:\data\programming\zshade gaming\zshadesandbox\debug\zshadesandboxgame.obj
i:\data\programming\zshade gaming\zshadesandbox\debug\zshadesandboxeditor3d.obj
i:\data\programming\zshade gaming\zshadesandbox\debug\zshadesandboxeditor2d.obj
i:\data\programming\zshade gaming\zshadesandbox\debug\frontend.obj
i:\data\programming\zshade gaming\zshadesandbox\debug\window.obj
i:\data\programming\zshade gaming\zshadesandbox\debug\watershader.obj
i:\data\programming\zshade gaming\zshadesandbox\debug\lakebedshader.obj
i:\data\programming\zshade gaming\zshadesandbox\debug\grassfieldshader.obj
i:\data\programming\zshade gaming\zshadesandbox\debug\terraintessellationtrishadowshader.obj
i:\data\programming\zshade gaming\zshadesandbox\debug\terraintessellationtrishader.obj
i:\data\programming\zshade gaming\zshadesandbox\debug\terraintessellationquadshadowshader.obj
i:\data\programming\zshade gaming\zshadesandbox\debug\terraintessellationquadshader.obj
i:\data\programming\zshade gaming\zshadesandbox\debug\terraintessellationquadssaoshader.obj
i:\data\programming\zshade gaming\zshadesandbox\debug\sunshader.obj
i:\data\programming\zshade gaming\zshadesandbox\debug\skyshader.obj
i:\data\programming\zshade gaming\zshadesandbox\debug\skyplaneshader.obj
i:\data\programming\zshade gaming\zshadesandbox\debug\loadlib.obj
i:\data\programming\zshade gaming\zshadesandbox\debug\lmem.obj
i:\data\programming\zshade gaming\zshadesandbox\debug\lmathlib.obj
i:\data\programming\zshade gaming\zshadesandbox\debug\llex.obj
i:\data\programming\zshade gaming\zshadesandbox\debug\liolib.obj
i:\data\programming\zshade gaming\zshadesandbox\debug\linit.obj
i:\data\programming\zshade gaming\zshadesandbox\debug\lgc.obj
i:\data\programming\zshade gaming\zshadesandbox\debug\lfunc.obj
i:\data\programming\zshade gaming\zshadesandbox\debug\ldump.obj
i:\data\programming\zshade gaming\zshadesandbox\debug\ldo.obj
i:\data\programming\zshade gaming\zshadesandbox\debug\ldebug.obj
i:\data\programming\zshade gaming\zshadesandbox\debug\ldblib.obj
i:\data\programming\zshade gaming\zshadesandbox\debug\lctype.obj
i:\data\programming\zshade gaming\zshadesandbox\debug\lcorolib.obj
i:\data\programming\zshade gaming\zshadesandbox\debug\lcode.obj
i:\data\programming\zshade gaming\zshadesandbox\debug\lbitlib.obj
i:\data\programming\zshade gaming\zshadesandbox\debug\lbaselib.obj
i:\data\programming\zshade gaming\zshadesandbox\debug\lauxlib.obj
i:\data\programming\zshade gaming\zshadesandbox\debug\lapi.obj
i:\data\programming\zshade gaming\zshadesandbox\debug\wave.obj
i:\data\programming\zshade gaming\zshadesandbox\debug\tolua_to.obj
i:\data\programming\zshade gaming\zshadesandbox\debug\tolua_push.obj
i:\data\programming\zshade gaming\zshadesandbox\debug\tolua_map.obj
i:\data\programming\zshade gaming\zshadesandbox\debug\tolua_is.obj
i:\data\programming\zshade gaming\zshadesandbox\debug\tolua_event.obj
i:\data\programming\zshade gaming\zshadesandbox\debug\toluabind.obj
i:\data\programming\zshade gaming\zshadesandbox\debug\lzio.obj
i:\data\programming\zshade gaming\zshadesandbox\debug\lvm.obj
i:\data\programming\zshade gaming\zshadesandbox\debug\lundump.obj
i:\data\programming\zshade gaming\zshadesandbox\debug\ltm.obj
i:\data\programming\zshade gaming\zshadesandbox\debug\ltablib.obj
i:\data\programming\zshade gaming\zshadesandbox\debug\ltable.obj
i:\data\programming\zshade gaming\zshadesandbox\debug\lstrlib.obj
i:\data\programming\zshade gaming\zshadesandbox\debug\lstring.obj
i:\data\programming\zshade gaming\zshadesandbox\debug\lstate.obj
i:\data\programming\zshade gaming\zshadesandbox\debug\lparser.obj
i:\data\programming\zshade gaming\zshadesandbox\debug\loslib.obj
i:\data\programming\zshade gaming\zshadesandbox\debug\lopcodes.obj
i:\data\programming\zshade gaming\zshadesandbox\debug\lobject.obj
i:\data\programming\zshade gaming\zshadesandbox\debug\oceansurface.obj
i:\data\programming\zshade gaming\zshadesandbox\debug\topdownworld.obj
i:\data\programming\zshade gaming\zshadesandbox\debug\topdowntile.obj
i:\data\programming\zshade gaming\zshadesandbox\debug\topdownmap.obj
i:\data\programming\zshade gaming\zshadesandbox\debug\materialmanager.obj
i:\data\programming\zshade gaming\zshadesandbox\debug\fogdata.obj
i:\data\programming\zshade gaming\zshadesandbox\debug\defaultmaterials.obj
i:\data\programming\zshade gaming\zshadesandbox\debug\cglobal.obj
i:\data\programming\zshade gaming\zshadesandbox\debug\zshadefrontend.obj
i:\data\programming\zshade gaming\zshadesandbox\debug\menusystem.obj
i:\data\programming\zshade gaming\zshadesandbox\debug\environmentmenuhelper.obj
i:\data\programming\zshade gaming\zshadesandbox\debug\environmenthudhelper.obj
i:\data\programming\zshade gaming\zshadesandbox\debug\environment2dmaphelper.obj
i:\data\programming\zshade gaming\zshadesandbox\debug\environment2d.obj
i:\data\programming\zshade gaming\zshadesandbox\debug\environment.obj
i:\data\programming\zshade gaming\zshadesandbox\debug\menueditorsystem.obj
i:\data\programming\zshade gaming\zshadesandbox\debug\hudeditorsystem.obj
i:\data\programming\zshade gaming\zshadesandbox\debug\mapeditorsystem2d.obj
i:\data\programming\zshade gaming\zshadesandbox\debug\editorhelper2d.obj
i:\data\programming\zshade gaming\zshadesandbox\debug\directxtexpmalpha.obj
i:\data\programming\zshade gaming\zshadesandbox\debug\directxtexnormalmaps.obj
i:\data\programming\zshade gaming\zshadesandbox\debug\directxtexmisc.obj
i:\data\programming\zshade gaming\zshadesandbox\debug\directxtexmipmaps.obj
i:\data\programming\zshade gaming\zshadesandbox\debug\directxteximage.obj
i:\data\programming\zshade gaming\zshadesandbox\debug\directxtexfliprotate.obj
i:\data\programming\zshade gaming\zshadesandbox\debug\directxtexdds.obj
i:\data\programming\zshade gaming\zshadesandbox\debug\directxtexd3d11.obj
i:\data\programming\zshade gaming\zshadesandbox\debug\directxtexconvert.obj
i:\data\programming\zshade gaming\zshadesandbox\debug\directxtexcompressgpu.obj
i:\data\programming\zshade gaming\zshadesandbox\debug\directxtexcompress.obj
i:\data\programming\zshade gaming\zshadesandbox\debug\bcdirectcompute.obj
i:\data\programming\zshade gaming\zshadesandbox\debug\bc6hbc7.obj
i:\data\programming\zshade gaming\zshadesandbox\debug\bc4bc5.obj
i:\data\programming\zshade gaming\zshadesandbox\debug\bc.obj
i:\data\programming\zshade gaming\zshadesandbox\debug\ddstextureloader.obj
i:\data\programming\zshade gaming\zshadesandbox\debug\commonstates.obj
i:\data\programming\zshade gaming\zshadesandbox\debug\binaryreader.obj
i:\data\programming\zshade gaming\zshadesandbox\debug\oceansurfaceshader.obj
i:\data\programming\zshade gaming\zshadesandbox\debug\sprite.obj
i:\data\programming\zshade gaming\zshadesandbox\debug\tinyxml2.obj
i:\data\programming\zshade gaming\zshadesandbox\debug\pch.obj
i:\data\programming\zshade gaming\zshadesandbox\debug\wictextureloader.obj
i:\data\programming\zshade gaming\zshadesandbox\debug\vertextypes.obj
i:\data\programming\zshade gaming\zshadesandbox\debug\simplemath.obj
i:\data\programming\zshade gaming\zshadesandbox\debug\screengrab.obj
i:\data\programming\zshade gaming\zshadesandbox\debug\primitivebatch.obj
i:\data\programming\zshade gaming\zshadesandbox\debug\directxtexwic.obj
i:\data\programming\zshade gaming\zshadesandbox\debug\directxtexutil.obj
i:\data\programming\zshade gaming\zshadesandbox\debug\directxtextga.obj
i:\data\programming\zshade gaming\zshadesandbox\debug\directxtexresize.obj
i:\data\programming\zshade gaming\zshadesandbox\debug\.netframework,version=v4.5.assemblyattributes.obj
i:\data\programming\zshade gaming\zshadesandbox\debug\waypointsystem.obj
i:\data\programming\zshade gaming\zshadesandbox\debug\camera.obj
i:\data\programming\zshade gaming\zshadesandbox\debug\textureanimation3d.obj
i:\data\programming\zshade gaming\zshadesandbox\debug\readanimationprofile2d.obj
i:\data\programming\zshade gaming\zshadesandbox\debug\animationprofile2d.obj
i:\data\programming\zshade gaming\zshadesandbox\debug\animationframe2d.obj
i:\data\programming\zshade gaming\zshadesandbox\debug\animation2d.obj
c:\users\dustin\documents\visual studio 2013\projects\zshadesandbox\debug\zshadesandbox.exe
c:\users\dustin\documents\visual studio 2013\projects\zshadesandbox\debug\zshadesandbox.pdb
c:\users\dustin\documents\visual studio 2013\projects\zshadesandbox\debug\zshadesandbox.res
i:\data\programming\zshade gaming\zshadesandbox\debug\zshadesandbox.res
c:\users\dustin\documents\visual studio 2013\projects\zshadesandbox\debug\zshadesandbox.frontend.resources
c:\users\dustin\documents\visual studio 2013\projects\zshadesandbox\debug\zshadesandbox.zshadesandboxeditor2d.resources
c:\users\dustin\documents\visual studio 2013\projects\zshadesandbox\debug\zshadesandbox.zshadesandboxeditor3d.resources
c:\users\dustin\documents\visual studio 2013\projects\zshadesandbox\debug\zshadesandbox.zshadesandboxgame.resources
i:\data\programming\zshade gaming\zshadesandbox\debug\zshadesandbox.frontend.resources
i:\data\programming\zshade gaming\zshadesandbox\debug\zshadesandbox.zshadesandboxeditor2d.resources
i:\data\programming\zshade gaming\zshadesandbox\debug\zshadesandbox.zshadesandboxeditor3d.resources
i:\data\programming\zshade gaming\zshadesandbox\debug\zshadesandbox.zshadesandboxgame.resources
i:\data\programming\zshade gaming\zshadesandbox\debug\quadmateriallighttessellation.cso
i:\data\programming\zshade gaming\zshadesandbox\debug\quadmaterialtessellation.cso
i:\data\programming\zshade gaming\zshadesandbox\debug\trimateriallighttessellation.cso
i:\data\programming\zshade gaming\zshadesandbox\debug\trimaterialtessellation.cso
i:\data\programming\zshade gaming\zshadesandbox\debug\csdesaturation.cso
i:\data\programming\zshade gaming\zshadesandbox\debug\materiallightshader.cso
i:\data\programming\zshade gaming\zshadesandbox\debug\materialshader.cso
i:\data\programming\zshade gaming\zshadesandbox\debug\sprite.cso
i:\data\programming\zshade gaming\zshadesandbox\debug\texture.cso
i:\data\programming\zshade gaming\zshadesandbox\debug\atmosphericfog.cso
i:\data\programming\zshade gaming\zshadesandbox\debug\blur.cso
i:\data\programming\zshade gaming\zshadesandbox\debug\ambientlightdeferred.cso
i:\data\programming\zshade gaming\zshadesandbox\debug\capsulelightdeferred.cso
i:\data\programming\zshade gaming\zshadesandbox\debug\deferredshader.cso
i:\data\programming\zshade gaming\zshadesandbox\debug\directionallightdeferred.cso
i:\data\programming\zshade gaming\zshadesandbox\debug\pointlightdeferred.cso
i:\data\programming\zshade gaming\zshadesandbox\debug\spotlightdeferred.cso
i:\data\programming\zshade gaming\zshadesandbox\debug\cleargbuffer.cso
i:\data\programming\zshade gaming\zshadesandbox\debug\debuggbufferdeferred.cso
i:\data\programming\zshade gaming\zshadesandbox\debug\lakebedgbuffer.cso
i:\data\programming\zshade gaming\zshadesandbox\debug\materialgbuffer.cso
i:\data\programming\zshade gaming\zshadesandbox\debug\objgbuffer.cso
i:\data\programming\zshade gaming\zshadesandbox\debug\unpackgbuffer.cso
i:\data\programming\zshade gaming\zshadesandbox\debug\watergbuffer.cso
i:\data\programming\zshade gaming\zshadesandbox\debug\lighting.cso
i:\data\programming\zshade gaming\zshadesandbox\debug\lightinghelper.cso
i:\data\programming\zshade gaming\zshadesandbox\debug\shadowmap.cso
i:\data\programming\zshade gaming\zshadesandbox\debug\objmesh.cso
i:\data\programming\zshade gaming\zshadesandbox\debug\objmeshtessellation.cso
i:\data\programming\zshade gaming\zshadesandbox\debug\fft_512x512_c2c.cso
i:\data\programming\zshade gaming\zshadesandbox\debug\oceansimulatorcs.cso
i:\data\programming\zshade gaming\zshadesandbox\debug\oceansimulatorvsps.cso
i:\data\programming\zshade gaming\zshadesandbox\debug\oceansurfaceds.cso
i:\data\programming\zshade gaming\zshadesandbox\debug\oceansurfacehs.cso
i:\data\programming\zshade gaming\zshadesandbox\debug\oceansurfaceps.cso
i:\data\programming\zshade gaming\zshadesandbox\debug\oceansurfacevs.cso
i:\data\programming\zshade gaming\zshadesandbox\debug\postprocesscolorps.cso
i:\data\programming\zshade gaming\zshadesandbox\debug\postprocesshdr.cso
i:\data\programming\zshade gaming\zshadesandbox\debug\postprocessvs.cso
i:\data\programming\zshade gaming\zshadesandbox\debug\sky.cso
i:\data\programming\zshade gaming\zshadesandbox\debug\skyplane.cso
i:\data\programming\zshade gaming\zshadesandbox\debug\sun.cso
i:\data\programming\zshade gaming\zshadesandbox\debug\terraintessellationquad.cso
i:\data\programming\zshade gaming\zshadesandbox\debug\terraintessellationquadshadowhs.cso
i:\data\programming\zshade gaming\zshadesandbox\debug\terraintessellationtrids.cso
i:\data\programming\zshade gaming\zshadesandbox\debug\terraintessellationtrihs.cso
i:\data\programming\zshade gaming\zshadesandbox\debug\terraintessellationtrips.cso
i:\data\programming\zshade gaming\zshadesandbox\debug\terraintessellationtrishadowhs.cso
i:\data\programming\zshade gaming\zshadesandbox\debug\terraintessellationtrivs.cso
i:\data\programming\zshade gaming\zshadesandbox\debug\grassfield.cso
i:\data\programming\zshade gaming\zshadesandbox\debug\lakebed.cso
i:\data\programming\zshade gaming\zshadesandbox\debug\refractioncaustics.cso
i:\data\programming\zshade gaming\zshadesandbox\debug\water.cso
i:\data\programming\zshade gaming\zshadesandbox\debug\zshadesandbox.vcxproj.generateresource.cache
i:\data\programming\zshade gaming\zshadesandbox\debug\zshadesandbox.vcxprojresolveassemblyreference.cache
i:\data\programming\zshade gaming\zshadesandbox\debug\creategamedirectory.obj
i:\data\programming\zshade gaming\zshadesandbox\debug\projectedcamera.obj
i:\data\programming\zshade gaming\zshadesandbox\debug\lightcamera.obj
i:\data\programming\zshade gaming\zshadesandbox\debug\soundsystem.obj
i:\data\programming\zshade gaming\zshadesandbox\debug\sound.obj
i:\data\programming\zshade gaming\zshadesandbox\debug\musicsystem.obj
i:\data\programming\zshade gaming\zshadesandbox\debug\audiosystem.obj
i:\data\programming\zshade gaming\zshadesandbox\debug\physicsbody.obj
i:\data\programming\zshade gaming\zshadesandbox\debug\physicsbodybase.obj
i:\data\programming\zshade gaming\zshadesandbox\debug\physicsworld.obj
i:\data\programming\zshade gaming\zshadesandbox\debug\zshadesandbox.pdb
i:\data\programming\zshade gaming\zshadesandbox\debug\zshadesandbox.exe.metagen
i:\data\programming\zshade gaming\zshadesandbox\debug\zshadesandbox.exe
i:\data\programming\zshade gaming\zshadesandbox\debug\zshadesandbox.tlog\cl.command.1.tlog
i:\data\programming\zshade gaming\zshadesandbox\debug\zshadesandbox.tlog\link.command.1.tlog
i:\data\programming\zshade gaming\zshadesandbox\debug\zshadesandbox.tlog\cl.write.1.tlog
i:\data\programming\zshade gaming\zshadesandbox\debug\zshadesandbox.tlog\link.write.1.tlog
i:\data\programming\zshade gaming\zshadesandbox\debug\zshadesandbox.tlog\metagen.read.1.tlog
i:\data\programming\zshade gaming\zshadesandbox\debug\zshadesandbox.tlog\metagen.write.1.tlog
i:\data\programming\zshade gaming\zshadesandbox\debug\zshadesandbox.tlog\rc.command.1.tlog
i:\data\programming\zshade gaming\zshadesandbox\debug\zshadesandbox.tlog\rc.read.1.tlog
i:\data\programming\zshade gaming\zshadesandbox\debug\zshadesandbox.tlog\rc.write.1.tlog
i:\data\programming\zshade gaming\zshadesandbox\debug\zshadesandbox.tlog\zshadesandbox.write.1u.tlog
i:\data\programming\zshade gaming\zshadesandbox\debug\zshadesandbox.tlog\cl.read.1.tlog
i:\data\programming\zshade gaming\zshadesandbox\debug\zshadesandbox.tlog\link.read.1.tlog
i:\data\programming\zshade gaming\zshadesandbox\debug\zshadesandbox.tlog\tzres.dll.bi
